# JRE version: Java(TM) SE Runtime Environment (8.0_171-b11) (build 1.8.0_171-b11)
# Java VM: Java HotSpot(TM) 64-Bit Server VM (25.171-b11 mixed mode windows-amd64 compressed oops)
Heap:
 PSYoungGen      total 247296K, used 185130K [0x00000000eb900000, 0x00000000fdb80000, 0x0000000100000000)
  eden space 235520K, 73% used [0x00000000eb900000,0x00000000f624ceb8,0x00000000f9f00000)
  from space 11776K, 99% used [0x00000000fd000000,0x00000000fdb7db70,0x00000000fdb80000)
  to   space 15872K, 0% used [0x00000000fbc80000,0x00000000fbc80000,0x00000000fcc00000)
 ParOldGen       total 54272K, used 27147K [0x00000000c2a00000, 0x00000000c5f00000, 0x00000000eb900000)
  object space 54272K, 50% used [0x00000000c2a00000,0x00000000c4482da0,0x00000000c5f00000)
 Metaspace       used 54643K, capacity 56881K, committed 57168K, reserved 1099776K
  class space    used 7287K, capacity 7686K, committed 7760K, reserved 1048576K
Heap after GC invocations=10 (full 1):
 PSYoungGen      total 132608K, used 7220K [0x00000000eb900000, 0x00000000f8280000, 0x0000000100000000)
  eden space 123904K, 0% used [0x00000000eb900000,0x00000000eb900000,0x00000000f3200000)
  from space 8704K, 82% used [0x00000000f3200000,0x00000000f390d280,0x00000000f3a80000)
  to   space 9216K, 0% used [0x00000000f7980000,0x00000000f7980000,0x00000000f8280000)
 ParOldGen       total 26624K, used 5612K [0x00000000c2a00000, 0x00000000c4400000, 0x00000000eb900000)
  object space 26624K, 21% used [0x00000000c2a00000,0x00000000c2f7b238,0x00000000c4400000)
 Metaspace       used 25575K, capacity 26507K, committed 26620K, reserved 1073152K
  class space    used 3298K, capacity 3531K, committed 3580K, reserved 1048576K
Heap after GC invocations=11 (full 1):
 PSYoungGen      total 194048K, used 9187K [0x00000000eb900000, 0x00000000f8680000, 0x0000000100000000)
  eden space 184832K, 0% used [0x00000000eb900000,0x00000000eb900000,0x00000000f6d80000)
  from space 9216K, 99% used [0x00000000f7980000,0x00000000f8278d10,0x00000000f8280000)
  to   space 12288K, 0% used [0x00000000f6d80000,0x00000000f6d80000,0x00000000f7980000)
 ParOldGen       total 26624K, used 10279K [0x00000000c2a00000, 0x00000000c4400000, 0x00000000eb900000)
  object space 26624K, 38% used [0x00000000c2a00000,0x00000000c3409c70,0x00000000c4400000)
 Metaspace       used 31923K, capacity 33267K, committed 33404K, reserved 1079296K
  class space    used 4141K, capacity 4415K, committed 4476K, reserved 1048576K
Heap after GC invocations=12 (full 1):
 PSYoungGen      total 197120K, used 4615K [0x00000000eb900000, 0x00000000fdb80000, 0x0000000100000000)
  eden space 184832K, 0% used [0x00000000eb900000,0x00000000eb900000,0x00000000f6d80000)
  from space 12288K, 37% used [0x00000000f6d80000,0x00000000f7201c00,0x00000000f7980000)
  to   space 11776K, 0% used [0x00000000fd000000,0x00000000fd000000,0x00000000fdb80000)
 ParOldGen       total 26624K, used 19263K [0x00000000c2a00000, 0x00000000c4400000, 0x00000000eb900000)
  object space 26624K, 72% used [0x00000000c2a00000,0x00000000c3ccfef0,0x00000000c4400000)
 Metaspace       used 34563K, capacity 35935K, committed 36048K, reserved 1081344K
  class space    used 4463K, capacity 4759K, committed 4816K, reserved 1048576K
Heap after GC invocations=13 (full 2):
 PSYoungGen      total 197120K, used 0K [0x00000000eb900000, 0x00000000fdb80000, 0x0000000100000000)
  eden space 184832K, 0% used [0x00000000eb900000,0x00000000eb900000,0x00000000f6d80000)
  from space 12288K, 0% used [0x00000000f6d80000,0x00000000f6d80000,0x00000000f7980000)
  to   space 11776K, 0% used [0x00000000fd000000,0x00000000fd000000,0x00000000fdb80000)
 ParOldGen       total 54272K, used 20179K [0x00000000c2a00000, 0x00000000c5f00000, 0x00000000eb900000)
  object space 54272K, 37% used [0x00000000c2a00000,0x00000000c3db4c48,0x00000000c5f00000)
 Metaspace       used 34563K, capacity 35935K, committed 36048K, reserved 1081344K
  class space    used 4463K, capacity 4759K, committed 4816K, reserved 1048576K
Heap after GC invocations=14 (full 2):
 PSYoungGen      total 247296K, used 11766K [0x00000000eb900000, 0x00000000fdb80000, 0x0000000100000000)
  eden space 235520K, 0% used [0x00000000eb900000,0x00000000eb900000,0x00000000f9f00000)
  from space 11776K, 99% used [0x00000000fd000000,0x00000000fdb7db70,0x00000000fdb80000)
  to   space 15872K, 0% used [0x00000000fbc80000,0x00000000fbc80000,0x00000000fcc00000)
 ParOldGen       total 54272K, used 27147K [0x00000000c2a00000, 0x00000000c5f00000, 0x00000000eb900000)
  object space 54272K, 50% used [0x00000000c2a00000,0x00000000c4482da0,0x00000000c5f00000)
 Metaspace       used 51079K, capacity 53113K, committed 53328K, reserved 1095680K
  class space    used 6782K, capacity 7156K, committed 7248K, reserved 1048576K
